2018-09-21 12:08:22,153 Instabot Started
2018-09-21 12:08:22,154 Logged-in successfully as 'upentregasoficial' using the cookie!
2018-09-21 12:08:22,155 Follow followers of: maxpizzas
2018-09-21 12:08:22,155 Out of follows for today.
2018-09-21 12:08:22,155 Follow followers of: pizzariaitalianos
2018-09-21 12:08:22,156 Out of follows for today.
2018-09-21 12:08:22,156 Follow followers of: portugapizzadelivery
2018-09-21 12:08:22,156 Out of follows for today.
2018-09-21 12:08:22,156 Follow followers of: crushpizzaa
2018-09-21 12:08:22,156 Out of follows for today.
2018-09-21 12:08:22,157 Follow followers of: kaboompizzas
2018-09-21 12:08:22,157 Out of follows for today.
2018-09-21 12:08:22,157 Follow followers of: volabibipizzaria
2018-09-21 12:08:22,157 Out of follows for today.
2018-09-21 12:08:22,158 Follow followers of: feijodelivery
2018-09-21 12:08:22,158 Out of follows for today.
2018-09-21 12:08:22,158 Follow following of: maxpizzas
2018-09-21 12:08:22,158 Out of follows for today.
2018-09-21 12:08:22,158 Follow following of: pizzariaitalianos
2018-09-21 12:08:22,159 Out of follows for today.
2018-09-21 12:08:22,159 Follow following of: portugapizzadelivery
2018-09-21 12:08:22,159 Out of follows for today.
2018-09-21 12:08:22,159 Follow following of: crushpizzaa
2018-09-21 12:08:22,159 Out of follows for today.
2018-09-21 12:08:22,160 Follow following of: kaboompizzas
2018-09-21 12:08:22,160 Out of follows for today.
2018-09-21 12:08:22,160 Follow following of: volabibipizzaria
2018-09-21 12:08:22,160 Out of follows for today.
2018-09-21 12:08:22,160 Follow following of: feijodelivery
2018-09-21 12:08:22,161 Out of follows for today.
2018-09-21 12:08:22,161 Going to like media with hashtag #imperatrizensesporai.
2018-09-21 12:08:24,216 Bot stopped. Worked: 12:08:23.691538
2018-09-21 12:08:24,216 Total follows: 351
2018-09-21 12:08:24,217 Total likes: 158
2018-09-21 12:08:24,217 Total requests: 1955
2018-09-21 12:08:36,391 Instabot Started
2018-09-21 12:08:36,392 Logged-in successfully as 'upentregasoficial' using the cookie!
2018-09-21 12:08:36,394 Follow followers of: maxpizzas
2018-09-21 12:08:40,355 Going to follow 698 users.
2018-09-21 13:09:47,410 DONE: Now following 151 users in total.
2018-09-21 13:09:47,410 Follow followers of: pizzariaitalianos
2018-09-21 13:10:04,300 Going to follow 6028 users.
2018-09-21 14:35:27,328 Out of follows for today.
2018-09-21 14:36:28,975 Out of follows for today.
2018-09-21 14:37:30,472 Out of follows for today.
2018-09-21 14:38:33,318 Out of follows for today.
2018-09-21 14:38:43,328 DONE: Now following 351 users in total.
2018-09-21 14:38:43,329 Follow followers of: portugapizzadelivery
2018-09-21 14:38:43,329 Out of follows for today.
2018-09-21 14:38:43,329 Follow followers of: crushpizzaa
2018-09-21 14:38:43,329 Out of follows for today.
2018-09-21 14:38:43,329 Follow followers of: kaboompizzas
2018-09-21 14:38:43,329 Out of follows for today.
2018-09-21 14:38:43,330 Follow followers of: volabibipizzaria
2018-09-21 14:38:43,330 Out of follows for today.
2018-09-21 14:38:43,330 Follow followers of: feijodelivery
2018-09-21 14:38:43,330 Out of follows for today.
2018-09-21 14:38:43,330 Follow following of: maxpizzas
2018-09-21 14:38:43,330 Out of follows for today.
2018-09-21 14:38:43,330 Follow following of: pizzariaitalianos
2018-09-21 14:38:43,330 Out of follows for today.
2018-09-21 14:38:43,331 Follow following of: portugapizzadelivery
2018-09-21 14:38:43,331 Out of follows for today.
2018-09-21 14:38:43,331 Follow following of: crushpizzaa
2018-09-21 14:38:43,331 Out of follows for today.
2018-09-21 14:38:43,331 Follow following of: kaboompizzas
2018-09-21 14:38:43,331 Out of follows for today.
2018-09-21 14:38:43,331 Follow following of: volabibipizzaria
2018-09-21 14:38:43,332 Out of follows for today.
2018-09-21 14:38:43,332 Follow following of: feijodelivery
2018-09-21 14:38:43,332 Out of follows for today.
2018-09-21 14:38:43,332 Going to like media with hashtag #imperatrizensesporai.
2018-09-21 14:38:47,130 Going to like 77 medias.
2018-09-21 14:49:07,793 DONE: Total liked 77 medias.
2018-09-21 14:49:07,793 Going to like media with hashtag #imperatrizonline.
2018-09-21 14:49:11,950 Going to like 77 medias.
2018-09-21 14:58:50,974 DONE: Total liked 154 medias.
2018-09-21 14:58:50,974 Going to like media with hashtag #maxpizzas.
2018-09-21 14:58:53,578 ("Connection broken: ConnectionResetError(104, 'Connection reset by peer')", ConnectionResetError(104, 'Connection reset by peer'))
2018-09-21 14:58:53,579 Nothing to like.
2018-09-21 14:59:18,450 Bot stopped. Worked: 2:50:42.059376
2018-09-21 14:59:18,451 Total follows: 351
2018-09-21 14:59:18,451 Total likes: 154
2018-09-21 14:59:18,451 Total requests: 1301
