2018-07-18 14:38:25,913 Instabot Started
2018-07-18 14:38:27,900 Logged-in successfully as 'lojascasaecor' using the cookie!
2018-07-18 14:38:27,902 Follow followers of: ienaelshaday
2018-07-18 14:38:27,903 Out of follows for today.
2018-07-18 14:38:27,903 Follow followers of: marcosviniciusc
2018-07-18 14:38:27,903 Out of follows for today.
2018-07-18 14:38:27,903 Follow followers of: cabanadosol_oficial
2018-07-18 14:38:27,904 Out of follows for today.
2018-07-18 14:38:27,904 Follow followers of: ofumaca
2018-07-18 14:38:27,904 Out of follows for today.
2018-07-18 14:38:27,904 Follow followers of: experimenteitz
2018-07-18 14:38:27,905 Out of follows for today.
2018-07-18 14:38:27,905 Follow followers of: legiaogourmet
2018-07-18 14:38:27,905 Out of follows for today.
2018-07-18 14:38:27,905 Follow followers of: roll.sushi
2018-07-18 14:38:27,906 Out of follows for today.
2018-07-18 14:38:27,906 Follow followers of: legiaodomalte
2018-07-18 14:38:27,906 Out of follows for today.
2018-07-18 14:38:27,906 Follow followers of: expoenteoficial
2018-07-18 14:38:27,907 Out of follows for today.
2018-07-18 14:38:27,907 Follow followers of: lojameiolook
2018-07-18 14:38:27,907 Out of follows for today.
2018-07-18 14:38:27,908 Follow followers of: mesapostaitz
2018-07-18 14:38:27,908 Out of follows for today.
2018-07-18 14:38:27,908 Follow followers of: steticcenter.itz
2018-07-18 14:38:27,908 Out of follows for today.
2018-07-18 14:38:27,909 Follow followers of: topfit_itz
2018-07-18 14:38:27,909 Out of follows for today.
2018-07-18 14:38:27,909 Follow followers of: imaginarium.itz
2018-07-18 14:38:27,909 Out of follows for today.
2018-07-18 14:38:27,909 Follow followers of: resenhaitz
2018-07-18 14:38:27,910 Out of follows for today.
2018-07-18 14:38:27,910 Follow followers of: gymplace_itz
2018-07-18 14:38:27,910 Out of follows for today.
2018-07-18 14:38:27,910 Follow followers of: crossfitimperatriz
2018-07-18 14:38:27,911 Out of follows for today.
2018-07-18 14:38:27,911 Follow followers of: sampaiocoach
2018-07-18 14:38:27,911 Out of follows for today.
2018-07-18 14:38:27,911 Follow followers of: gatinho_sushibar
2018-07-18 14:38:27,911 Out of follows for today.
2018-07-18 14:38:27,912 Follow followers of: rufinus_restaurante
2018-07-18 14:38:27,912 Out of follows for today.
2018-07-18 14:38:27,912 Follow followers of: alikepublicidade
2018-07-18 14:38:27,912 Out of follows for today.
2018-07-18 14:38:27,912 Follow followers of: hamburguerdocheffe
2018-07-18 14:38:27,912 Out of follows for today.
2018-07-18 14:38:27,913 Follow followers of: bezerraogrillbeer
2018-07-18 14:38:27,913 Out of follows for today.
2018-07-18 14:38:27,913 Follow followers of: royal_lounge_club
2018-07-18 14:38:27,913 Out of follows for today.
2018-07-18 14:38:27,913 Follow followers of: ntshows
2018-07-18 14:38:27,913 Out of follows for today.
2018-07-18 14:38:27,914 Follow followers of: ritzrestaurante
2018-07-18 14:38:27,914 Out of follows for today.
2018-07-18 14:38:27,914 Follow followers of: coliseufitnesscenter
2018-07-18 14:38:27,914 Out of follows for today.
2018-07-18 14:38:27,914 Follow followers of: monamouritz
2018-07-18 14:38:27,915 Out of follows for today.
2018-07-18 14:38:27,915 Follow followers of: dmarca_concept
2018-07-18 14:38:27,915 Out of follows for today.
2018-07-18 14:38:27,915 Follow followers of: dmarcaimperial
2018-07-18 14:38:27,915 Out of follows for today.
2018-07-18 14:38:27,915 Follow followers of: arezzoitz
2018-07-18 14:38:27,916 Out of follows for today.
2018-07-18 14:38:27,916 Follow followers of: openbarbaitz
2018-07-18 14:38:27,916 Out of follows for today.
2018-07-18 14:38:27,916 Follow followers of: santalollaimperatriz
2018-07-18 14:38:27,916 Out of follows for today.
2018-07-18 14:38:27,916 Follow followers of: lizandracarvalho
2018-07-18 14:38:27,917 Out of follows for today.
2018-07-18 14:38:27,917 Follow followers of: ddeluck
2018-07-18 14:38:27,918 Out of follows for today.
2018-07-18 14:38:27,918 Follow followers of: windissonlima
2018-07-18 14:38:27,918 Out of follows for today.
2018-07-18 14:38:27,918 Follow following of: ienaelshaday
2018-07-18 14:38:27,918 Out of follows for today.
2018-07-18 14:38:27,918 Follow following of: marcosviniciusc
2018-07-18 14:38:27,919 Out of follows for today.
2018-07-18 14:38:27,919 Follow following of: cabanadosol_oficial
2018-07-18 14:38:27,919 Out of follows for today.
2018-07-18 14:38:27,919 Follow following of: ofumaca
2018-07-18 14:38:27,919 Out of follows for today.
2018-07-18 14:38:27,919 Follow following of: experimenteitz
2018-07-18 14:38:27,920 Out of follows for today.
2018-07-18 14:38:27,920 Follow following of: legiaogourmet
2018-07-18 14:38:27,920 Out of follows for today.
2018-07-18 14:38:27,920 Follow following of: roll.sushi
2018-07-18 14:38:27,920 Out of follows for today.
2018-07-18 14:38:27,920 Follow following of: legiaodomalte
2018-07-18 14:38:27,921 Out of follows for today.
2018-07-18 14:38:27,921 Follow following of: expoenteoficial
2018-07-18 14:38:27,921 Out of follows for today.
2018-07-18 14:38:27,921 Follow following of: lojameiolook
2018-07-18 14:38:27,921 Out of follows for today.
2018-07-18 14:38:27,921 Follow following of: mesapostaitz
2018-07-18 14:38:27,922 Out of follows for today.
2018-07-18 14:38:27,922 Follow following of: steticcenter.itz
2018-07-18 14:38:27,922 Out of follows for today.
2018-07-18 14:38:27,922 Follow following of: topfit_itz
2018-07-18 14:38:27,922 Out of follows for today.
2018-07-18 14:38:27,922 Follow following of: imaginarium.itz
2018-07-18 14:38:27,923 Out of follows for today.
2018-07-18 14:38:27,923 Follow following of: resenhaitz
2018-07-18 14:38:27,923 Out of follows for today.
2018-07-18 14:38:27,923 Follow following of: gymplace_itz
2018-07-18 14:38:27,923 Out of follows for today.
2018-07-18 14:38:27,924 Follow following of: crossfitimperatriz
2018-07-18 14:38:27,924 Out of follows for today.
2018-07-18 14:38:27,924 Follow following of: sampaiocoach
2018-07-18 14:38:27,924 Out of follows for today.
2018-07-18 14:38:27,924 Follow following of: gatinho_sushibar
2018-07-18 14:38:27,924 Out of follows for today.
2018-07-18 14:38:27,924 Follow following of: rufinus_restaurante
2018-07-18 14:38:27,925 Out of follows for today.
2018-07-18 14:38:27,925 Follow following of: alikepublicidade
2018-07-18 14:38:27,925 Out of follows for today.
2018-07-18 14:38:27,925 Follow following of: hamburguerdocheffe
2018-07-18 14:38:27,925 Out of follows for today.
2018-07-18 14:38:27,926 Follow following of: bezerraogrillbeer
2018-07-18 14:38:27,926 Out of follows for today.
2018-07-18 14:38:27,926 Follow following of: royal_lounge_club
2018-07-18 14:38:27,926 Out of follows for today.
2018-07-18 14:38:27,926 Follow following of: ntshows
2018-07-18 14:38:27,926 Out of follows for today.
2018-07-18 14:38:27,927 Follow following of: ritzrestaurante
2018-07-18 14:38:27,927 Out of follows for today.
2018-07-18 14:38:27,927 Follow following of: coliseufitnesscenter
2018-07-18 14:38:27,927 Out of follows for today.
2018-07-18 14:38:27,927 Follow following of: monamouritz
2018-07-18 14:38:27,927 Out of follows for today.
2018-07-18 14:38:27,928 Follow following of: dmarca_concept
2018-07-18 14:38:27,928 Out of follows for today.
2018-07-18 14:38:27,928 Follow following of: dmarcaimperial
2018-07-18 14:38:27,928 Out of follows for today.
2018-07-18 14:38:27,928 Follow following of: arezzoitz
2018-07-18 14:38:27,928 Out of follows for today.
2018-07-18 14:38:27,929 Follow following of: openbarbaitz
2018-07-18 14:38:27,929 Out of follows for today.
2018-07-18 14:38:27,929 Follow following of: santalollaimperatriz
2018-07-18 14:38:27,929 Out of follows for today.
2018-07-18 14:38:27,929 Follow following of: lizandracarvalho
2018-07-18 14:38:27,929 Out of follows for today.
2018-07-18 14:38:27,930 Follow following of: ddeluck
2018-07-18 14:38:27,930 Out of follows for today.
2018-07-18 14:38:27,930 Follow following of: windissonlima
2018-07-18 14:38:27,930 Out of follows for today.
2018-07-18 14:38:27,930 Going to like media with hashtag #Casabonita.
2018-07-18 14:38:30,900 Going to like 74 medias.
2018-07-18 14:38:34,588 Bot stopped. Worked: 14:14:08.666930
2018-07-18 14:38:34,589 Total likes: 153
2018-07-18 14:38:34,589 Total follows: 351
2018-07-18 14:38:34,589 Total requests: 1427
2018-07-18 14:39:00,486 Instabot Started
2018-07-18 14:39:02,021 Logged-in successfully as 'lojascasaecor' using the cookie!
2018-07-18 14:39:02,024 Follow followers of: ienaelshaday
2018-07-18 14:39:02,024 Out of follows for today.
2018-07-18 14:39:02,025 Follow followers of: marcosviniciusc
2018-07-18 14:39:02,025 Out of follows for today.
2018-07-18 14:39:02,025 Follow followers of: cabanadosol_oficial
2018-07-18 14:39:02,026 Out of follows for today.
2018-07-18 14:39:02,026 Follow followers of: ofumaca
2018-07-18 14:39:02,026 Out of follows for today.
2018-07-18 14:39:02,026 Follow followers of: experimenteitz
2018-07-18 14:39:02,027 Out of follows for today.
2018-07-18 14:39:02,027 Follow followers of: legiaogourmet
2018-07-18 14:39:02,027 Out of follows for today.
2018-07-18 14:39:02,028 Follow followers of: roll.sushi
2018-07-18 14:39:02,028 Out of follows for today.
2018-07-18 14:39:02,028 Follow followers of: legiaodomalte
2018-07-18 14:39:02,028 Out of follows for today.
2018-07-18 14:39:02,029 Follow followers of: expoenteoficial
2018-07-18 14:39:02,029 Out of follows for today.
2018-07-18 14:39:02,029 Follow followers of: lojameiolook
2018-07-18 14:39:02,030 Out of follows for today.
2018-07-18 14:39:02,030 Follow followers of: mesapostaitz
2018-07-18 14:39:02,030 Out of follows for today.
2018-07-18 14:39:02,030 Follow followers of: steticcenter.itz
2018-07-18 14:39:02,030 Out of follows for today.
2018-07-18 14:39:02,031 Follow followers of: topfit_itz
2018-07-18 14:39:02,031 Out of follows for today.
2018-07-18 14:39:02,031 Follow followers of: imaginarium.itz
2018-07-18 14:39:02,031 Out of follows for today.
2018-07-18 14:39:02,031 Follow followers of: resenhaitz
2018-07-18 14:39:02,031 Out of follows for today.
2018-07-18 14:39:02,032 Follow followers of: gymplace_itz
2018-07-18 14:39:02,032 Out of follows for today.
2018-07-18 14:39:02,032 Follow followers of: crossfitimperatriz
2018-07-18 14:39:02,032 Out of follows for today.
2018-07-18 14:39:02,033 Follow followers of: sampaiocoach
2018-07-18 14:39:02,033 Out of follows for today.
2018-07-18 14:39:02,033 Follow followers of: gatinho_sushibar
2018-07-18 14:39:02,033 Out of follows for today.
2018-07-18 14:39:02,033 Follow followers of: rufinus_restaurante
2018-07-18 14:39:02,033 Out of follows for today.
2018-07-18 14:39:02,034 Follow followers of: alikepublicidade
2018-07-18 14:39:02,034 Out of follows for today.
2018-07-18 14:39:02,034 Follow followers of: hamburguerdocheffe
2018-07-18 14:39:02,034 Out of follows for today.
2018-07-18 14:39:02,034 Follow followers of: bezerraogrillbeer
2018-07-18 14:39:02,034 Out of follows for today.
2018-07-18 14:39:02,035 Follow followers of: royal_lounge_club
2018-07-18 14:39:02,035 Out of follows for today.
2018-07-18 14:39:02,035 Follow followers of: ntshows
2018-07-18 14:39:02,035 Out of follows for today.
2018-07-18 14:39:02,035 Follow followers of: ritzrestaurante
2018-07-18 14:39:02,036 Out of follows for today.
2018-07-18 14:39:02,036 Follow followers of: coliseufitnesscenter
2018-07-18 14:39:02,036 Out of follows for today.
2018-07-18 14:39:02,036 Follow followers of: monamouritz
2018-07-18 14:39:02,036 Out of follows for today.
2018-07-18 14:39:02,036 Follow followers of: dmarca_concept
2018-07-18 14:39:02,037 Out of follows for today.
2018-07-18 14:39:02,037 Follow followers of: dmarcaimperial
2018-07-18 14:39:02,037 Out of follows for today.
2018-07-18 14:39:02,037 Follow followers of: arezzoitz
2018-07-18 14:39:02,037 Out of follows for today.
2018-07-18 14:39:02,038 Follow followers of: openbarbaitz
2018-07-18 14:39:02,038 Out of follows for today.
2018-07-18 14:39:02,038 Follow followers of: santalollaimperatriz
2018-07-18 14:39:02,038 Out of follows for today.
2018-07-18 14:39:02,038 Follow followers of: lizandracarvalho
2018-07-18 14:39:02,039 Out of follows for today.
2018-07-18 14:39:02,039 Follow followers of: ddeluck
2018-07-18 14:39:02,039 Out of follows for today.
2018-07-18 14:39:02,039 Follow followers of: windissonlima
2018-07-18 14:39:02,039 Out of follows for today.
2018-07-18 14:39:02,039 Follow following of: ienaelshaday
2018-07-18 14:39:02,040 Out of follows for today.
2018-07-18 14:39:02,040 Follow following of: marcosviniciusc
2018-07-18 14:39:02,040 Out of follows for today.
2018-07-18 14:39:02,040 Follow following of: cabanadosol_oficial
2018-07-18 14:39:02,040 Out of follows for today.
2018-07-18 14:39:02,040 Follow following of: ofumaca
2018-07-18 14:39:02,041 Out of follows for today.
2018-07-18 14:39:02,041 Follow following of: experimenteitz
2018-07-18 14:39:02,041 Out of follows for today.
2018-07-18 14:39:02,041 Follow following of: legiaogourmet
2018-07-18 14:39:02,041 Out of follows for today.
2018-07-18 14:39:02,041 Follow following of: roll.sushi
2018-07-18 14:39:02,042 Out of follows for today.
2018-07-18 14:39:02,042 Follow following of: legiaodomalte
2018-07-18 14:39:02,042 Out of follows for today.
2018-07-18 14:39:02,042 Follow following of: expoenteoficial
2018-07-18 14:39:02,042 Out of follows for today.
2018-07-18 14:39:02,042 Follow following of: lojameiolook
2018-07-18 14:39:02,042 Out of follows for today.
2018-07-18 14:39:02,043 Follow following of: mesapostaitz
2018-07-18 14:39:02,043 Out of follows for today.
2018-07-18 14:39:02,043 Follow following of: steticcenter.itz
2018-07-18 14:39:02,043 Out of follows for today.
2018-07-18 14:39:02,044 Follow following of: topfit_itz
2018-07-18 14:39:02,044 Out of follows for today.
2018-07-18 14:39:02,044 Follow following of: imaginarium.itz
2018-07-18 14:39:02,044 Out of follows for today.
2018-07-18 14:39:02,044 Follow following of: resenhaitz
2018-07-18 14:39:02,044 Out of follows for today.
2018-07-18 14:39:02,045 Follow following of: gymplace_itz
2018-07-18 14:39:02,045 Out of follows for today.
2018-07-18 14:39:02,045 Follow following of: crossfitimperatriz
2018-07-18 14:39:02,045 Out of follows for today.
2018-07-18 14:39:02,045 Follow following of: sampaiocoach
2018-07-18 14:39:02,045 Out of follows for today.
2018-07-18 14:39:02,045 Follow following of: gatinho_sushibar
2018-07-18 14:39:02,046 Out of follows for today.
2018-07-18 14:39:02,046 Follow following of: rufinus_restaurante
2018-07-18 14:39:02,046 Out of follows for today.
2018-07-18 14:39:02,046 Follow following of: alikepublicidade
2018-07-18 14:39:02,046 Out of follows for today.
2018-07-18 14:39:02,047 Follow following of: hamburguerdocheffe
2018-07-18 14:39:02,047 Out of follows for today.
2018-07-18 14:39:02,047 Follow following of: bezerraogrillbeer
2018-07-18 14:39:02,047 Out of follows for today.
2018-07-18 14:39:02,047 Follow following of: royal_lounge_club
2018-07-18 14:39:02,047 Out of follows for today.
2018-07-18 14:39:02,048 Follow following of: ntshows
2018-07-18 14:39:02,048 Out of follows for today.
2018-07-18 14:39:02,048 Follow following of: ritzrestaurante
2018-07-18 14:39:02,048 Out of follows for today.
2018-07-18 14:39:02,048 Follow following of: coliseufitnesscenter
2018-07-18 14:39:02,048 Out of follows for today.
2018-07-18 14:39:02,049 Follow following of: monamouritz
2018-07-18 14:39:02,049 Out of follows for today.
2018-07-18 14:39:02,049 Follow following of: dmarca_concept
2018-07-18 14:39:02,049 Out of follows for today.
2018-07-18 14:39:02,049 Follow following of: dmarcaimperial
2018-07-18 14:39:02,050 Out of follows for today.
2018-07-18 14:39:02,050 Follow following of: arezzoitz
2018-07-18 14:39:02,050 Out of follows for today.
2018-07-18 14:39:02,050 Follow following of: openbarbaitz
2018-07-18 14:39:02,050 Out of follows for today.
2018-07-18 14:39:02,050 Follow following of: santalollaimperatriz
2018-07-18 14:39:02,051 Out of follows for today.
2018-07-18 14:39:02,051 Follow following of: lizandracarvalho
2018-07-18 14:39:02,051 Out of follows for today.
2018-07-18 14:39:02,051 Follow following of: ddeluck
2018-07-18 14:39:02,051 Out of follows for today.
2018-07-18 14:39:02,052 Follow following of: windissonlima
2018-07-18 14:39:02,052 Out of follows for today.
2018-07-18 14:39:02,052 Going to like media with hashtag #Casabonita.
2018-07-18 14:39:05,226 Going to like 74 medias.
2018-07-18 14:39:58,380 Bot stopped. Worked: 14:15:32.458780
2018-07-18 14:39:58,381 Total likes: 162
2018-07-18 14:39:58,381 Total follows: 351
2018-07-18 14:39:58,381 Total requests: 1437
2018-07-19 11:49:13,296 Instabot Started
2018-07-19 11:49:16,376 Logged-in successfully as 'lojascasaecor' using the cookie!
2018-07-19 11:49:16,381 Follow followers of: ienaelshaday
2018-07-19 11:49:20,130 Going to follow 1199 users.
2018-07-19 12:28:15,276 HTTPSConnectionPool(host='i.instagram.com', port=443): Max retries exceeded with url: /api/v1/friendships/create/4034565980/ (Caused by NewConnectionError('<urllib3.connection.VerifiedHTTPSConnection object at 0x106a9e080>: Failed to establish a new connection: [Errno 8] nodename nor servname provided, or not known',))
2018-07-19 13:55:38,337 HTTPSConnectionPool(host='i.instagram.com', port=443): Max retries exceeded with url: /api/v1/friendships/create/232066090/ (Caused by NewConnectionError('<urllib3.connection.VerifiedHTTPSConnection object at 0x1078c06a0>: Failed to establish a new connection: [Errno 8] nodename nor servname provided, or not known',))
2018-07-19 16:16:20,290 DONE: Now following 273 users in total.
2018-07-19 16:16:20,293 Follow followers of: marcosviniciusc
2018-07-19 16:16:24,412 Going to follow 3335 users.
2018-07-19 16:58:24,531 HTTPSConnectionPool(host='i.instagram.com', port=443): Max retries exceeded with url: /api/v1/users/2367085865/info/ (Caused by NewConnectionError('<urllib3.connection.VerifiedHTTPSConnection object at 0x1079017b8>: Failed to establish a new connection: [Errno 8] nodename nor servname provided, or not known',))
2018-07-19 17:00:18,161 Out of follows for today.
2018-07-19 17:01:20,786 Out of follows for today.
2018-07-19 17:02:23,487 Out of follows for today.
2018-07-19 17:03:24,958 Out of follows for today.
2018-07-19 17:03:34,959 DONE: Now following 351 users in total.
2018-07-19 17:03:34,960 Follow followers of: cabanadosol_oficial
2018-07-19 17:03:34,960 Out of follows for today.
2018-07-19 17:03:34,961 Follow followers of: ofumaca
2018-07-19 17:03:34,961 Out of follows for today.
2018-07-19 17:03:34,961 Follow followers of: experimenteitz
2018-07-19 17:03:34,961 Out of follows for today.
2018-07-19 17:03:34,962 Follow followers of: legiaogourmet
2018-07-19 17:03:34,962 Out of follows for today.
2018-07-19 17:03:34,962 Follow followers of: roll.sushi
2018-07-19 17:03:34,962 Out of follows for today.
2018-07-19 17:03:34,963 Follow followers of: legiaodomalte
2018-07-19 17:03:34,963 Out of follows for today.
2018-07-19 17:03:34,963 Follow followers of: expoenteoficial
2018-07-19 17:03:34,963 Out of follows for today.
2018-07-19 17:03:34,963 Follow followers of: lojameiolook
2018-07-19 17:03:34,964 Out of follows for today.
2018-07-19 17:03:34,964 Follow followers of: mesapostaitz
2018-07-19 17:03:34,964 Out of follows for today.
2018-07-19 17:03:34,964 Follow followers of: steticcenter.itz
2018-07-19 17:03:34,965 Out of follows for today.
2018-07-19 17:03:34,965 Follow followers of: topfit_itz
2018-07-19 17:03:34,965 Out of follows for today.
2018-07-19 17:03:34,965 Follow followers of: imaginarium.itz
2018-07-19 17:03:34,966 Out of follows for today.
2018-07-19 17:03:34,966 Follow followers of: resenhaitz
2018-07-19 17:03:34,966 Out of follows for today.
2018-07-19 17:03:34,966 Follow followers of: gymplace_itz
2018-07-19 17:03:34,966 Out of follows for today.
2018-07-19 17:03:34,966 Follow followers of: crossfitimperatriz
2018-07-19 17:03:34,966 Out of follows for today.
2018-07-19 17:03:34,967 Follow followers of: sampaiocoach
2018-07-19 17:03:34,967 Out of follows for today.
2018-07-19 17:03:34,967 Follow followers of: gatinho_sushibar
2018-07-19 17:03:34,967 Out of follows for today.
2018-07-19 17:03:34,967 Follow followers of: rufinus_restaurante
2018-07-19 17:03:34,967 Out of follows for today.
2018-07-19 17:03:34,967 Follow followers of: alikepublicidade
2018-07-19 17:03:34,968 Out of follows for today.
2018-07-19 17:03:34,968 Follow followers of: hamburguerdocheffe
2018-07-19 17:03:34,968 Out of follows for today.
2018-07-19 17:03:34,968 Follow followers of: bezerraogrillbeer
2018-07-19 17:03:34,968 Out of follows for today.
2018-07-19 17:03:34,969 Follow followers of: royal_lounge_club
2018-07-19 17:03:34,969 Out of follows for today.
2018-07-19 17:03:34,969 Follow followers of: ntshows
2018-07-19 17:03:34,969 Out of follows for today.
2018-07-19 17:03:34,969 Follow followers of: ritzrestaurante
2018-07-19 17:03:34,969 Out of follows for today.
2018-07-19 17:03:34,970 Follow followers of: coliseufitnesscenter
2018-07-19 17:03:34,970 Out of follows for today.
2018-07-19 17:03:34,970 Follow followers of: monamouritz
2018-07-19 17:03:34,970 Out of follows for today.
2018-07-19 17:03:34,970 Follow followers of: dmarca_concept
2018-07-19 17:03:34,970 Out of follows for today.
2018-07-19 17:03:34,970 Follow followers of: dmarcaimperial
2018-07-19 17:03:34,971 Out of follows for today.
2018-07-19 17:03:34,971 Follow followers of: arezzoitz
2018-07-19 17:03:34,971 Out of follows for today.
2018-07-19 17:03:34,971 Follow followers of: openbarbaitz
2018-07-19 17:03:34,971 Out of follows for today.
2018-07-19 17:03:34,971 Follow followers of: santalollaimperatriz
2018-07-19 17:03:34,971 Out of follows for today.
2018-07-19 17:03:34,972 Follow followers of: lizandracarvalho
2018-07-19 17:03:34,972 Out of follows for today.
2018-07-19 17:03:34,972 Follow followers of: ddeluck
2018-07-19 17:03:34,972 Out of follows for today.
2018-07-19 17:03:34,972 Follow followers of: windissonlima
2018-07-19 17:03:34,972 Out of follows for today.
2018-07-19 17:03:34,972 Follow following of: ienaelshaday
2018-07-19 17:03:34,972 Out of follows for today.
2018-07-19 17:03:34,973 Follow following of: marcosviniciusc
2018-07-19 17:03:34,973 Out of follows for today.
2018-07-19 17:03:34,974 Follow following of: cabanadosol_oficial
2018-07-19 17:03:34,974 Out of follows for today.
2018-07-19 17:03:34,974 Follow following of: ofumaca
2018-07-19 17:03:34,974 Out of follows for today.
2018-07-19 17:03:34,974 Follow following of: experimenteitz
2018-07-19 17:03:34,974 Out of follows for today.
2018-07-19 17:03:34,974 Follow following of: legiaogourmet
2018-07-19 17:03:34,974 Out of follows for today.
2018-07-19 17:03:34,975 Follow following of: roll.sushi
2018-07-19 17:03:34,975 Out of follows for today.
2018-07-19 17:03:34,975 Follow following of: legiaodomalte
2018-07-19 17:03:34,975 Out of follows for today.
2018-07-19 17:03:34,975 Follow following of: expoenteoficial
2018-07-19 17:03:34,975 Out of follows for today.
2018-07-19 17:03:34,975 Follow following of: lojameiolook
2018-07-19 17:03:34,976 Out of follows for today.
2018-07-19 17:03:34,976 Follow following of: mesapostaitz
2018-07-19 17:03:34,976 Out of follows for today.
2018-07-19 17:03:34,976 Follow following of: steticcenter.itz
2018-07-19 17:03:34,976 Out of follows for today.
2018-07-19 17:03:34,976 Follow following of: topfit_itz
2018-07-19 17:03:34,976 Out of follows for today.
2018-07-19 17:03:34,976 Follow following of: imaginarium.itz
2018-07-19 17:03:34,977 Out of follows for today.
2018-07-19 17:03:34,977 Follow following of: resenhaitz
2018-07-19 17:03:34,977 Out of follows for today.
2018-07-19 17:03:34,977 Follow following of: gymplace_itz
2018-07-19 17:03:34,977 Out of follows for today.
2018-07-19 17:03:34,977 Follow following of: crossfitimperatriz
2018-07-19 17:03:34,977 Out of follows for today.
2018-07-19 17:03:34,978 Follow following of: sampaiocoach
2018-07-19 17:03:34,978 Out of follows for today.
2018-07-19 17:03:34,978 Follow following of: gatinho_sushibar
2018-07-19 17:03:34,978 Out of follows for today.
2018-07-19 17:03:34,978 Follow following of: rufinus_restaurante
2018-07-19 17:03:34,978 Out of follows for today.
2018-07-19 17:03:34,979 Follow following of: alikepublicidade
2018-07-19 17:03:34,979 Out of follows for today.
2018-07-19 17:03:34,979 Follow following of: hamburguerdocheffe
2018-07-19 17:03:34,979 Out of follows for today.
2018-07-19 17:03:34,979 Follow following of: bezerraogrillbeer
2018-07-19 17:03:34,979 Out of follows for today.
2018-07-19 17:03:34,980 Follow following of: royal_lounge_club
2018-07-19 17:03:34,980 Out of follows for today.
2018-07-19 17:03:34,980 Follow following of: ntshows
2018-07-19 17:03:34,980 Out of follows for today.
2018-07-19 17:03:34,980 Follow following of: ritzrestaurante
2018-07-19 17:03:34,980 Out of follows for today.
2018-07-19 17:03:34,980 Follow following of: coliseufitnesscenter
2018-07-19 17:03:34,981 Out of follows for today.
2018-07-19 17:03:34,981 Follow following of: monamouritz
2018-07-19 17:03:34,981 Out of follows for today.
2018-07-19 17:03:34,981 Follow following of: dmarca_concept
2018-07-19 17:03:34,981 Out of follows for today.
2018-07-19 17:03:34,981 Follow following of: dmarcaimperial
2018-07-19 17:03:34,981 Out of follows for today.
2018-07-19 17:03:34,981 Follow following of: arezzoitz
2018-07-19 17:03:34,982 Out of follows for today.
2018-07-19 17:03:34,982 Follow following of: openbarbaitz
2018-07-19 17:03:34,982 Out of follows for today.
2018-07-19 17:03:34,982 Follow following of: santalollaimperatriz
2018-07-19 17:03:34,982 Out of follows for today.
2018-07-19 17:03:34,982 Follow following of: lizandracarvalho
2018-07-19 17:03:34,982 Out of follows for today.
2018-07-19 17:03:34,983 Follow following of: ddeluck
2018-07-19 17:03:34,983 Out of follows for today.
2018-07-19 17:03:34,983 Follow following of: windissonlima
2018-07-19 17:03:34,983 Out of follows for today.
2018-07-19 17:03:34,983 Going to like media with hashtag #Casabonita.
2018-07-19 17:03:38,623 Going to like 80 medias.
2018-07-19 17:03:39,401 Request returns 400 error!
2018-07-19 17:03:39,402 Instagram's error message: feedback_required
2018-07-19 17:03:49,407 DONE: Total liked 0 medias.
2018-07-19 17:03:49,408 Going to like media with hashtag #Casadecor.
2018-07-19 17:03:52,174 Going to like 74 medias.
2018-07-19 17:03:52,888 Request returns 400 error!
2018-07-19 17:03:52,889 Instagram's error message: feedback_required
2018-07-19 17:04:02,892 DONE: Total liked 0 medias.
2018-07-19 17:04:59,317 Request returns 404 error!
2018-07-19 17:05:28,636 Request returns 404 error!
2018-07-19 17:06:24,746 Liking user_windissonlima's feed:
2018-07-19 17:06:25,467 Received 18 medias.
2018-07-19 17:06:25,467 After filtration 0 medias left.
2018-07-19 17:06:25,467 None medias received: account is closed or medias have been filtered.
2018-07-19 17:06:25,976 Bot stopped. Worked: 5:17:09.594750
2018-07-19 17:06:25,976 Total follows: 351
2018-07-19 17:06:25,977 Total requests: 2795
2018-07-24 10:41:47,999 Instabot Started
2018-07-24 10:43:09,612 Logged-in successfully as 'dentalvidafarmaoficial'!
2018-07-24 10:43:09,615 Saved cookie!
2018-07-24 10:43:09,616 Follow followers of: ienaelshaday
2018-07-24 10:43:15,888 Going to follow 1207 users.
2018-07-24 11:29:47,016 HTTPSConnectionPool(host='i.instagram.com', port=443): Max retries exceeded with url: /api/v1/friendships/create/5724366184/ (Caused by NewConnectionError('<urllib3.connection.VerifiedHTTPSConnection object at 0x10baed630>: Failed to establish a new connection: [Errno 60] Operation timed out',))
2018-07-24 11:30:03,412 HTTPSConnectionPool(host='i.instagram.com', port=443): Max retries exceeded with url: /api/v1/accounts/logout/ (Caused by NewConnectionError('<urllib3.connection.VerifiedHTTPSConnection object at 0x10cf453c8>: Failed to establish a new connection: [Errno 60] Operation timed out',))
2018-07-24 11:30:03,412 Bot stopped. Worked: 0:48:15.413915
2018-07-24 11:30:03,414 Total follows: 116
2018-07-24 11:30:03,414 Total requests: 250
2018-09-20 23:05:54,738 Instabot Started
2018-09-20 23:07:14,834 Instabot Started
2018-09-20 23:07:56,539 Instabot Started
2018-09-20 23:08:04,660 Instabot Started
2018-09-20 23:09:42,792 Instabot Started
2018-09-20 23:09:44,116 Logged-in successfully as 'oacaidochefe'!
2018-09-20 23:09:44,117 Saved cookie!
2018-09-20 23:09:44,118 Follow followers of: csaugustinopolis
2018-09-20 23:09:47,820 Going to follow 1065 users.
2018-09-20 23:10:03,281 Bot stopped. Worked: 0:00:20.489754
2018-09-20 23:10:03,282 Total follows: 1
2018-09-20 23:10:03,282 Total requests: 16
2018-09-20 23:10:22,931 Instabot Started
2018-09-20 23:10:22,932 Logged-in successfully as 'oacaidochefe' using the cookie!
2018-09-20 23:10:22,934 Follow followers of: csaugustinopolis
2018-09-20 23:10:27,073 Going to follow 1065 users.
2018-09-20 23:10:30,705 Bot stopped. Worked: 0:00:47.913453
2018-09-20 23:10:30,706 Total follows: 1
2018-09-20 23:10:30,706 Total requests: 27
2018-09-20 23:11:47,123 Instabot Started
2018-09-20 23:11:47,124 Logged-in successfully as 'oacaidochefe' using the cookie!
2018-09-20 23:11:47,125 Follow followers of: csaugustinopolis
2018-09-20 23:11:50,436 Going to follow 1065 users.
2018-09-21 02:11:27,096 DONE: Now following 330 users in total.
2018-09-21 02:11:27,096 Follow followers of: prefeitura.augustinopolis
2018-09-21 02:11:29,956 Going to follow 1095 users.
2018-09-21 02:20:14,365 Out of follows for today.
2018-09-21 02:21:16,480 Out of follows for today.
2018-09-21 02:22:20,011 Out of follows for today.
2018-09-21 02:23:23,723 Out of follows for today.
2018-09-21 02:23:33,733 DONE: Now following 351 users in total.
2018-09-21 02:23:33,733 Follow followers of: economiaaugustinopolis
2018-09-21 02:23:33,734 Out of follows for today.
2018-09-21 02:23:33,734 Follow followers of: siga_feiraoaugustinopolis
2018-09-21 02:23:33,734 Out of follows for today.
2018-09-21 02:23:33,734 Follow followers of: semedaugustinopolis
2018-09-21 02:23:33,734 Out of follows for today.
2018-09-21 02:23:33,734 Follow followers of: oboticarioaugust
2018-09-21 02:23:33,734 Out of follows for today.
2018-09-21 02:23:33,735 Follow followers of: uctaugustinopolis
2018-09-21 02:23:33,735 Out of follows for today.
2018-09-21 02:23:33,735 Follow followers of: eletrosilvaaugustinopolis
2018-09-21 02:23:33,735 Out of follows for today.
2018-09-21 02:23:33,735 Follow following of: csaugustinopolis
2018-09-21 02:23:33,735 Out of follows for today.
2018-09-21 02:23:33,735 Follow following of: prefeitura.augustinopolis
2018-09-21 02:23:33,736 Out of follows for today.
2018-09-21 02:23:33,736 Follow following of: eonomiaaugustinopolis
2018-09-21 02:23:33,736 Out of follows for today.
2018-09-21 02:23:33,736 Follow following of: siga_feiraoaugustinopolis
2018-09-21 02:23:33,736 Out of follows for today.
2018-09-21 02:23:33,736 Follow following of: semedaugustinopolis
2018-09-21 02:23:33,737 Out of follows for today.
2018-09-21 02:23:33,737 Follow following of: oboticarioaugust
2018-09-21 02:23:33,737 Out of follows for today.
2018-09-21 02:23:33,737 Follow following of: uctaugustinopolis
2018-09-21 02:23:33,737 Out of follows for today.
2018-09-21 02:23:33,737 Follow following of: eletrosilvaaugustinopolis
2018-09-21 02:23:33,737 Out of follows for today.
2018-09-21 02:23:36,738 Request returns 404 error!
2018-09-21 02:23:40,284 Request returns 404 error!
2018-09-21 02:23:50,599 Liking user_oboticarioaugust's feed:
2018-09-21 02:23:51,465 Received 13 medias.
2018-09-21 02:23:51,465 After filtration 13 medias left.
2018-09-21 02:23:51,466 Going to like 13 medias.
2018-09-21 02:23:51,852 Request returns 400 error!
2018-09-21 02:23:51,852 Instagram's error message: feedback_required
2018-09-21 02:24:01,863 DONE: Total liked 0 medias.
2018-09-21 02:24:10,943 Bot stopped. Worked: 2:23:57.210352
2018-09-21 02:24:10,944 Total follows: 351
2018-09-21 02:24:10,944 Total requests: 1637
2018-09-24 13:25:16,198 Instabot Started
2018-09-24 13:25:16,201 Logged-in successfully as 'oacaidochefe' using the cookie!
2018-09-24 13:25:16,205 Follow followers of: csaugustinopolis
2018-09-24 13:25:21,438 Going to follow 1063 users.
2018-09-24 14:06:03,351 DONE: Now following 90 users in total.
2018-09-24 14:06:03,351 Follow followers of: prefeitura.augustinopolis
2018-09-24 14:06:08,826 Going to follow 1097 users.
2018-09-24 15:53:38,452 Out of follows for today.
2018-09-24 15:54:41,378 Out of follows for today.
2018-09-24 15:55:42,246 Out of follows for today.
2018-09-24 15:56:44,830 Out of follows for today.
2018-09-24 15:56:54,840 DONE: Now following 351 users in total.
2018-09-24 15:56:54,841 Follow followers of: economiaaugustinopolis
2018-09-24 15:56:54,841 Out of follows for today.
2018-09-24 15:56:54,841 Follow followers of: siga_feiraoaugustinopolis
2018-09-24 15:56:54,841 Out of follows for today.
2018-09-24 15:56:54,841 Follow followers of: semedaugustinopolis
2018-09-24 15:56:54,841 Out of follows for today.
2018-09-24 15:56:54,842 Follow followers of: oboticarioaugust
2018-09-24 15:56:54,842 Out of follows for today.
2018-09-24 15:56:54,842 Follow followers of: uctaugustinopolis
2018-09-24 15:56:54,842 Out of follows for today.
2018-09-24 15:56:54,842 Follow followers of: eletrosilvaaugustinopolis
2018-09-24 15:56:54,842 Out of follows for today.
2018-09-24 15:56:54,842 Follow following of: csaugustinopolis
2018-09-24 15:56:54,843 Out of follows for today.
2018-09-24 15:56:54,843 Follow following of: prefeitura.augustinopolis
2018-09-24 15:56:54,843 Out of follows for today.
2018-09-24 15:56:54,843 Follow following of: eonomiaaugustinopolis
2018-09-24 15:56:54,843 Out of follows for today.
2018-09-24 15:56:54,843 Follow following of: siga_feiraoaugustinopolis
2018-09-24 15:56:54,843 Out of follows for today.
2018-09-24 15:56:54,843 Follow following of: semedaugustinopolis
2018-09-24 15:56:54,844 Out of follows for today.
2018-09-24 15:56:54,844 Follow following of: oboticarioaugust
2018-09-24 15:56:54,844 Out of follows for today.
2018-09-24 15:56:54,844 Follow following of: uctaugustinopolis
2018-09-24 15:56:54,844 Out of follows for today.
2018-09-24 15:56:54,844 Follow following of: eletrosilvaaugustinopolis
2018-09-24 15:56:54,844 Out of follows for today.
2018-09-24 15:56:56,899 Request returns 404 error!
2018-09-24 15:57:04,481 Request returns 404 error!
2018-09-24 15:57:13,562 Liking user_oboticarioaugust's feed:
2018-09-24 15:57:14,107 Received 13 medias.
2018-09-24 15:57:14,108 After filtration 13 medias left.
2018-09-24 15:57:14,108 Going to like 13 medias.
2018-09-24 15:59:07,740 DONE: Total liked 13 medias.
2018-09-24 15:59:16,447 Bot stopped. Worked: 2:34:00.241820
2018-09-24 15:59:16,448 Total follows: 351
2018-09-24 15:59:16,448 Total likes: 13
2018-09-24 15:59:16,448 Total requests: 2773
2018-09-26 17:29:04,993 Instabot Started
2018-09-26 17:29:04,995 Logged-in successfully as 'oacaidochefe' using the cookie!
2018-09-26 17:29:04,996 Follow followers of: csaugustinopolis
2018-09-26 17:29:10,493 Going to follow 1063 users.
